<?xml version="1.0" encoding="UTF-8"?>
<!-- Generated by org.testng.reporters.JUnitReportReporter -->
<testsuite hostname="Saikiran_laptop" failures="0" tests="1" name="Android_APIDemos_Application.test1" time="19.555" errors="0" timestamp="2024-12-22T11:03:35 IST" skipped="0">
  <testcase classname="Android_APIDemos_Application.test1" name="get" time="19.555"/>
</testsuite> <!-- Android_APIDemos_Application.test1 -->
