<?xml version="1.0" encoding="UTF-8"?>
<!-- Generated by org.testng.reporters.JUnitReportReporter -->
<testsuite hostname="Saikiran_laptop" failures="0" tests="1" name="APIDemos_Application.longPressGesture" time="21.544" errors="0" timestamp="2024-11-08T00:01:33 IST" skipped="0">
  <testcase classname="APIDemos_Application.longPressGesture" name="longPress" time="21.544"/>
</testsuite> <!-- APIDemos_Application.longPressGesture -->
