<?xml version="1.0" encoding="UTF-8"?>
<!-- Generated by org.testng.reporters.JUnitReportReporter -->
<testsuite hostname="Sais-MacBook-Air.local" failures="0" tests="1" name="iOS_Practice.iOSBasics" time="9.606" errors="0" timestamp="2025-02-12T10:19:23 IST" skipped="0">
  <testcase classname="iOS_Practice.iOSBasics" name="locators" time="9.606"/>
</testsuite> <!-- iOS_Practice.iOSBasics -->
