<?xml version="1.0" encoding="UTF-8"?>
<!-- Generated by org.testng.reporters.JUnitReportReporter -->
<testsuite hostname="Saikiran_laptop" failures="0" tests="1" name="APIDemos_Application.scrollGesture" time="45.250" errors="0" timestamp="2024-11-09T00:32:45 IST" skipped="0">
  <testcase classname="APIDemos_Application.scrollGesture" name="scroll" time="45.250"/>
</testsuite> <!-- APIDemos_Application.scrollGesture -->
