<?xml version="1.0" encoding="UTF-8"?>
<!-- Generated by org.testng.reporters.JUnitReportReporter -->
<testsuite hostname="Saikiran_laptop" failures="0" tests="1" name="Java_Interview_Questions.fibonassisSeries" time="0.017" errors="0" timestamp="2024-12-15T20:18:45 IST" skipped="0">
  <testcase classname="Java_Interview_Questions.fibonassisSeries" name="fibonassis" time="0.017"/>
</testsuite> <!-- Java_Interview_Questions.fibonassisSeries -->
