<?xml version="1.0" encoding="UTF-8"?>
<!-- Generated by org.testng.reporters.JUnitReportReporter -->
<testsuite hostname="Saikiran_laptop" failures="0" tests="1" name="Android_APIDemos_Application.practice1" time="29.396" errors="0" timestamp="2024-12-17T02:00:25 IST" skipped="0">
  <testcase classname="Android_APIDemos_Application.practice1" name="openapp" time="29.396"/>
</testsuite> <!-- Android_APIDemos_Application.practice1 -->
