<?xml version="1.0" encoding="UTF-8"?>
<!-- Generated by org.testng.reporters.JUnitReportReporter -->
<testsuite hostname="Saikiran_laptop" failures="0" tests="1" name="Practice.InstallStreamsApp" time="19.660" errors="0" timestamp="2024-09-19T10:51:01 IST" skipped="0">
  <testcase classname="Practice.InstallStreamsApp" name="Test1" time="19.660"/>
</testsuite> <!-- Practice.InstallStreamsApp -->
