<?xml version="1.0" encoding="UTF-8"?>
<!-- Generated by org.testng.reporters.JUnitReportReporter -->
<testsuite hostname="Saikiran_laptop" failures="0" tests="2" name="Android_APIDemos_Application.generalStoreApp" time="43.966" errors="0" timestamp="2024-11-20T00:21:00 IST" skipped="0">
  <testcase classname="Android_APIDemos_Application.generalStoreApp" name="addCart" time="9.810"/>
  <testcase classname="Android_APIDemos_Application.generalStoreApp" name="EcommerseApplication" time="34.156"/>
</testsuite> <!-- Android_APIDemos_Application.generalStoreApp -->
