<?xml version="1.0" encoding="UTF-8"?>
<!-- Generated by org.testng.reporters.JUnitReportReporter -->
<testsuite hostname="Saikiran_laptop" failures="0" tests="1" name="APIDemos_Application.dragANDdrop" time="20.784" errors="0" timestamp="2024-11-12T22:34:50 IST" skipped="0">
  <testcase classname="APIDemos_Application.dragANDdrop" name="DragAndDrop" time="20.784"/>
</testsuite> <!-- APIDemos_Application.dragANDdrop -->
