<?xml version="1.0" encoding="UTF-8"?>
<!-- Generated by org.testng.reporters.JUnitReportReporter -->
<testsuite hostname="Saikiran_laptop" failures="0" tests="1" name="AndroidApp.Base1" time="10.435" errors="0" timestamp="2024-10-06T12:28:50 IST" skipped="0">
  <testcase classname="AndroidApp.Base1" name="Configure" time="10.435"/>
</testsuite> <!-- AndroidApp.Base1 -->
