<?xml version="1.0" encoding="UTF-8"?>
<!-- Generated by org.testng.reporters.JUnitReportReporter -->
<testsuite hostname="Saikiran_laptop" failures="0" tests="1" name="Android_APIDemos_Application.keyEvents" time="26.191" errors="0" timestamp="2024-11-17T00:27:33 IST" skipped="0">
  <testcase classname="Android_APIDemos_Application.keyEvents" name="pressKeys" time="26.191"/>
</testsuite> <!-- Android_APIDemos_Application.keyEvents -->
