<?xml version="1.0" encoding="UTF-8"?>
<!-- Generated by org.testng.reporters.JUnitReportReporter -->
<testsuite hostname="Saikiran_laptop" failures="0" tests="1" name="Android_APIDemos_Application.typesOfInstalls" time="24.480" errors="0" timestamp="2024-12-22T20:06:36 IST" skipped="0">
  <testcase classname="Android_APIDemos_Application.typesOfInstalls" name="intstall" time="24.480"/>
</testsuite> <!-- Android_APIDemos_Application.typesOfInstalls -->
