<?xml version="1.0" encoding="UTF-8"?>
<!-- Generated by org.testng.reporters.JUnitReportReporter -->
<testsuite hostname="Saikiran_laptop" failures="0" tests="1" name="APIDemos_Application.copyToClipboard" time="17.075" errors="0" timestamp="2024-11-16T23:58:52 IST" skipped="0">
  <testcase classname="APIDemos_Application.copyToClipboard" name="copytoclipboard" time="17.075"/>
</testsuite> <!-- APIDemos_Application.copyToClipboard -->
