<?xml version="1.0" encoding="UTF-8"?>
<!-- Generated by org.testng.reporters.JUnitReportReporter -->
<testsuite hostname="Sais-MacBook-Air.local" failures="0" tests="1" name="iOS_Practice.checks" time="17.431" errors="0" timestamp="2025-01-31T11:08:26 IST" skipped="0">
  <testcase classname="iOS_Practice.checks" name="appiumservercheck" time="17.431"/>
</testsuite> <!-- iOS_Practice.checks -->
