<?xml version="1.0" encoding="UTF-8"?>
<!-- Generated by org.testng.reporters.JUnitReportReporter -->
<testsuite hostname="Saikiran_laptop" failures="0" tests="1" name="Android_APIDemos_Application.eCommerse_tc_1" time="17.299" errors="0" timestamp="2024-12-28T09:59:32 IST" skipped="0">
  <testcase classname="Android_APIDemos_Application.eCommerse_tc_1" name="FillForm" time="17.299"/>
</testsuite> <!-- Android_APIDemos_Application.eCommerse_tc_1 -->
