<?xml version="1.0" encoding="UTF-8"?>
<!-- Generated by org.testng.reporters.JUnitReportReporter -->
<testsuite hostname="Sais-MacBook-Air.local" failures="0" tests="1" name="Java_Interview_Questions.fibonassisSeries" time="0.003" errors="0" timestamp="2025-02-18T10:30:40 IST" skipped="0">
  <testcase classname="Java_Interview_Questions.fibonassisSeries" name="fibonassis" time="0.003"/>
</testsuite> <!-- Java_Interview_Questions.fibonassisSeries -->
