<?xml version="1.0" encoding="UTF-8"?>
<!-- Generated by org.testng.reporters.JUnitReportReporter -->
<testsuite hostname="Saikiran_laptop" failures="0" tests="1" name="Streams_AndroidApp.login" time="117.042" errors="0" timestamp="2024-11-06T22:36:17 IST" skipped="0">
  <testcase classname="Streams_AndroidApp.login" name="Login" time="117.042"/>
</testsuite> <!-- Streams_AndroidApp.login -->
