<?xml version="1.0" encoding="UTF-8"?>
<!-- Generated by org.testng.reporters.JUnitReportReporter -->
<testsuite hostname="Saikiran_laptop" failures="0" tests="1" name="Android_APIDemos_Application.appOpen_Close" time="19.772" errors="0" timestamp="2024-12-17T10:50:56 IST" skipped="0">
  <testcase classname="Android_APIDemos_Application.appOpen_Close" name="openapp" time="19.772"/>
</testsuite> <!-- Android_APIDemos_Application.appOpen_Close -->
