<?xml version="1.0" encoding="UTF-8"?>
<!-- Generated by org.testng.reporters.JUnitReportReporter -->
<testsuite hostname="Saikiran_laptop" failures="0" tests="1" name="AndroidApp.AppGestures" time="53.536" errors="0" timestamp="2024-10-06T16:41:59 IST" skipped="0">
  <testcase classname="AndroidApp.AppGestures" name="scroll" time="53.536"/>
</testsuite> <!-- AndroidApp.AppGestures -->
