<?xml version="1.0" encoding="UTF-8"?>
<!-- Generated by org.testng.reporters.JUnitReportReporter -->
<testsuite hostname="Saikiran_laptop" failures="0" tests="1" name="Java_Practices.practice" time="0.016" errors="0" timestamp="2024-11-26T23:05:09 IST" skipped="0">
  <testcase classname="Java_Practices.practice" name="arra" time="0.016"/>
</testsuite> <!-- Java_Practices.practice -->
