<?xml version="1.0" encoding="UTF-8"?>
<!-- Generated by org.testng.reporters.JUnitReportReporter -->
<testsuite hostname="Saikiran_laptop" failures="0" tests="2" name="AndroidApp.login" time="45.172" errors="0" timestamp="2024-10-06T13:14:02 IST" skipped="0">
  <testcase classname="AndroidApp.login" name="Login" time="34.736"/>
  <testcase classname="AndroidApp.login" name="Configure" time="10.436"/>
</testsuite> <!-- AndroidApp.login -->
