<?xml version="1.0" encoding="UTF-8"?>
<!-- Generated by org.testng.reporters.JUnitReportReporter -->
<testsuite hostname="Saikiran_laptop" failures="0" tests="1" name="Java_Interview_Questions.reverseString" time="0.020" errors="0" timestamp="2024-12-15T18:05:33 IST" skipped="0">
  <testcase classname="Java_Interview_Questions.reverseString" name="reverse1" time="0.020"/>
</testsuite> <!-- Java_Interview_Questions.reverseString -->
