<?xml version="1.0" encoding="UTF-8"?>
<!-- Generated by org.testng.reporters.JUnitReportReporter -->
<testsuite hostname="Saikiran_laptop" failures="0" tests="1" name="APIDemos_Application.swipeGesture" time="28.341" errors="0" timestamp="2024-11-09T10:59:13 IST" skipped="0">
  <testcase classname="APIDemos_Application.swipeGesture" name="swipe" time="28.341"/>
</testsuite> <!-- APIDemos_Application.swipeGesture -->
