<?xml version="1.0" encoding="UTF-8"?>
<!-- Generated by org.testng.reporters.JUnitReportReporter -->
<testsuite hostname="Saikiran_laptop" failures="0" tests="3" name="Java_Interview_Questions.smallestAndLargest" time="0.017" errors="0" timestamp="2024-12-17T00:30:32 IST" skipped="0">
  <testcase classname="Java_Interview_Questions.smallestAndLargest" name="smallAndLarg" time="0.002"/>
  <testcase classname="Java_Interview_Questions.smallestAndLargest" name="smallest" time="0.002"/>
  <testcase classname="Java_Interview_Questions.smallestAndLargest" name="largest" time="0.013"/>
</testsuite> <!-- Java_Interview_Questions.smallestAndLargest -->
