<?xml version="1.0" encoding="UTF-8"?>
<!-- Generated by org.testng.reporters.JUnitReportReporter -->
<testsuite hostname="Saikiran_laptop" failures="0" tests="1" name="Android_APIDemos_Application.appPackageappActivity" time="0.248" errors="0" timestamp="2024-11-17T18:23:02 IST" skipped="0">
  <testcase classname="Android_APIDemos_Application.appPackageappActivity" name="PackgageActivity" time="0.248"/>
</testsuite> <!-- Android_APIDemos_Application.appPackageappActivity -->
