<?xml version="1.0" encoding="UTF-8"?>
<!-- Generated by org.testng.reporters.JUnitReportReporter -->
<testsuite hostname="Saikiran_laptop" failures="0" tests="1" name="APIDemos_Application.rotateScreen" time="23.593" errors="0" timestamp="2024-11-16T23:34:23 IST" skipped="0">
  <testcase classname="APIDemos_Application.rotateScreen" name="landscapemode" time="23.593"/>
</testsuite> <!-- APIDemos_Application.rotateScreen -->
