<?xml version="1.0" encoding="UTF-8"?>
<!-- Generated by org.testng.reporters.JUnitReportReporter -->
<testsuite hostname="Saikiran_laptop" failures="0" tests="2" name="Practice.InstallWhatsaApp" time="28.742" errors="0" timestamp="2024-09-19T10:53:27 IST" skipped="0">
  <testcase classname="Practice.InstallWhatsaApp" name="Test1" time="28.724"/>
  <testcase classname="Practice.InstallWhatsaApp" name="Test" time="0.018"/>
</testsuite> <!-- Practice.InstallWhatsaApp -->
