<?xml version="1.0" encoding="UTF-8"?>
<!-- Generated by org.testng.reporters.JUnitReportReporter -->
<testsuite hostname="Sais-MacBook-Air.local" failures="0" tests="1" name="iOS_Practice.InstallApp_iOS" time="9.800" errors="0" timestamp="2025-02-04T11:41:50 IST" skipped="0">
  <testcase classname="iOS_Practice.InstallApp_iOS" name="InstallApplication" time="9.800"/>
</testsuite> <!-- iOS_Practice.InstallApp_iOS -->
