<?xml version="1.0" encoding="UTF-8"?>
<!-- Generated by org.testng.reporters.JUnitReportReporter -->
<testsuite hostname="Sais-MacBook-Air.local" failures="0" tests="1" name="Android_Practice.InstallApp_Android" time="5.097" errors="0" timestamp="2025-01-31T10:54:32 IST" skipped="0">
  <testcase classname="Android_Practice.InstallApp_Android" name="InstallApplication" time="5.097"/>
</testsuite> <!-- Android_Practice.InstallApp_Android -->
