<?xml version="1.0" encoding="UTF-8"?>
<!-- Generated by org.testng.reporters.JUnitReportReporter -->
<testsuite hostname="Saikiran_laptop" failures="0" tests="1" name="Android_APIDemos_Application.eCommerse_tc_2" time="25.946" errors="0" timestamp="2024-11-20T00:59:26 IST" skipped="0">
  <testcase classname="Android_APIDemos_Application.eCommerse_tc_2" name="addCart" time="25.946"/>
</testsuite> <!-- Android_APIDemos_Application.eCommerse_tc_2 -->
