<?xml version="1.0" encoding="UTF-8"?>
<!-- Generated by org.testng.reporters.JUnitReportReporter -->
<testsuite hostname="Sais-MacBook-Air.local" failures="0" tests="1" name="Android_APIDemos_Application.eCommerse_tc_1" time="10.493" errors="0" timestamp="2025-01-06T13:33:31 IST" skipped="0">
  <testcase classname="Android_APIDemos_Application.eCommerse_tc_1" name="FillForm" time="10.493"/>
</testsuite> <!-- Android_APIDemos_Application.eCommerse_tc_1 -->
