<?xml version="1.0" encoding="UTF-8"?>
<!-- Generated by org.testng.reporters.JUnitReportReporter -->
<testsuite hostname="Saikiran_laptop" failures="0" tests="1" name="Android_APIDemos_Application.appLockAndUnlock" time="21.905" errors="0" timestamp="2024-12-22T20:35:49 IST" skipped="0">
  <testcase classname="Android_APIDemos_Application.appLockAndUnlock" name="lock" time="21.905"/>
</testsuite> <!-- Android_APIDemos_Application.appLockAndUnlock -->
