<?xml version="1.0" encoding="UTF-8"?>
<!-- Generated by org.testng.reporters.JUnitReportReporter -->
<testsuite hostname="Sais-MacBook-Air.local" failures="0" tests="1" name="iOS_Practice.getBundleID" time="8.768" errors="0" timestamp="2025-02-09T10:40:29 IST" skipped="0">
  <testcase classname="iOS_Practice.getBundleID" name="bundleId" time="8.768"/>
</testsuite> <!-- iOS_Practice.getBundleID -->
